TN:
SF:fizzbuzz.js
FN:1,fizzbuzz
FN:3,divisible
FN:21,print
FNF:3
FNH:3
FNDA:23,fizzbuzz
FNDA:64,divisible
FNDA:1,print
DA:1,23
DA:2,23
DA:3,23
DA:4,23
DA:5,23
DA:6,1
DA:7,1
DA:8,23
DA:9,2
DA:10,2
DA:11,23
DA:12,6
DA:13,6
DA:14,23
DA:15,4
DA:16,4
DA:17,10
DA:18,10
DA:19,10
DA:20,1
DA:21,1
DA:22,1
DA:23,17
DA:24,17
DA:25,1
DA:26,1
DA:27,1
DA:28,1
DA:29,1
LF:29
LH:29
BRDA:1,0,0,23
BRDA:5,1,0,1
BRDA:8,2,0,22
BRDA:8,3,0,8
BRDA:8,4,0,2
BRDA:11,5,0,6
BRDA:14,6,0,14
BRDA:14,7,0,4
BRDA:17,8,0,10
BRDA:3,9,0,64
BRDA:21,10,0,1
BRDA:22,11,0,17
BRF:12
BRH:12
end_of_record
